Build started 14/09/2017 17:43:00.
     1>Project "D:\Documents\Kuliah\Semester 6\Instrumentasi Sistem Visual\Program\SolarProcessor\SolarProcessor\SolarProcessor.vcxproj" on node 2 (Build target(s)).
     1>Link:
         C:\Program Files (x86)\Microsoft Visual Studio 12.0\VC\bin\link.exe /ERRORREPORT:PROMPT /OUT:"D:\Documents\Kuliah\Semester 6\Instrumentasi Sistem Visual\Program\SolarProcessor\Release\SolarProcessor.exe" /INCREMENTAL:NO /NOLOGO opencv_ts300.lib opencv_world300.lib /ASSEMBLYRESOURCE:Release\SolarProcessor.MainProgram.resources /MANIFEST /MANIFESTUAC:"level='asInvoker' uiAccess='false'" /manifest:embed /manifestinput:"C:\Program Files (x86)\Microsoft Visual Studio 12.0\VC\Include\Manifest\dpiaware.manifest" /DEBUG /PDB:"D:\Documents\Kuliah\Semester 6\Instrumentasi Sistem Visual\Program\SolarProcessor\Release\SolarProcessor.pdb" /SUBSYSTEM:NATIVE /TLBID:1 /ENTRY:"main" /DYNAMICBASE /FIXED:NO /NXCOMPAT /MACHINE:X86 /SAFESEH Release\SolarProcessor.res
         Release\MainProgram.obj
         "Release\.NETFramework,Version=v4.5.AssemblyAttributes.obj"
     1>LINK : fatal error LNK1245: invalid subsystem 'NATIVE' specified; /SUBSYSTEM must be WINDOWS, WINDOWSCE, or CONSOLE
     1>Done Building Project "D:\Documents\Kuliah\Semester 6\Instrumentasi Sistem Visual\Program\SolarProcessor\SolarProcessor\SolarProcessor.vcxproj" (Build target(s)) -- FAILED.

Build FAILED.

Time Elapsed 00:00:02.16
